<?xml version="1.0" encoding="UTF-8"?>
<testsuite name="program.StringWriterTest" tests="17" skipped="0" failures="0" errors="0" timestamp="2021-04-17T19:28:04" hostname="DESKTOP-DELL" time="0.081">
  <properties/>
  <testcase name="convertWriterToLowerCase1()" classname="program.StringWriterTest" time="0.043"/>
  <testcase name="convertWriterToLowerCase2()" classname="program.StringWriterTest" time="0.002"/>
  <testcase name="useMultipleFunctionsOnWriter2()" classname="program.StringWriterTest" time="0.001"/>
  <testcase name="removeDuplicatesFromWriter()" classname="program.StringWriterTest" time="0.001"/>
  <testcase name="writerStartsEmpty()" classname="program.StringWriterTest" time="0.001"/>
  <testcase name="removeStupidDoesNotWorkOnMixedCases()" classname="program.StringWriterTest" time="0.001"/>
  <testcase name="removeStupidDoesNotWorkOnUppercase()" classname="program.StringWriterTest" time="0.001"/>
  <testcase name="writeMessageToWriter()" classname="program.StringWriterTest" time="0.001"/>
  <testcase name="convertWriterToUpperCase2()" classname="program.StringWriterTest" time="0.001"/>
  <testcase name="convertWriterToUpperCase()" classname="program.StringWriterTest" time="0.001"/>
  <testcase name="writeMultipleMessagesToWriter()" classname="program.StringWriterTest" time="0.001"/>
  <testcase name="removeStupidFromWord()" classname="program.StringWriterTest" time="0.001"/>
  <testcase name="removeDuplicatesFromWriter2()" classname="program.StringWriterTest" time="0.001"/>
  <testcase name="insertEmptyMessageToWriter()" classname="program.StringWriterTest" time="0.001"/>
  <testcase name="removeDuplicatesIsCaseSensitive()" classname="program.StringWriterTest" time="0.001"/>
  <testcase name="useMultipleFunctionsOnWriter()" classname="program.StringWriterTest" time="0.002"/>
  <testcase name="Canary()" classname="program.StringWriterTest" time="0.005"/>
  <system-out><![CDATA[]]></system-out>
  <system-err><![CDATA[]]></system-err>
</testsuite>
